2019-12-26 02:36:36 +0000  Initial pipeline context: <IDEDistributionProcessingPipelineContext: 0x7fe305d1a260; archive(resolved)='<IDEArchive: 0x7fe321e20e00>', distributionTask(resolved)='2', distributionDestination(resolved)='1', distributionMethod(resolved)='<IDEDistributionMethodiOSEnterprise: 0x7fe31f6276b0>', team(resolved)='<IDEProvisioningDisambiguatableBasicTeam: 0x7fe306723400; teamID='6NP7TMSQ24', teamName='MGM-IOT Technology (shanghai)Co.,Ltd.', teamType='Company', username='liu.jie@mgm-iot.com', isFreeProvisioningTeam='0'>'>
	Chain (13, self inclusive):
	<IDEDistributionProcessingPipelineContext: 0x7fe305d1a260; archive = '<IDEArchive: 0x7fe321e20e00>', distributionMethod='<IDEDistributionMethodiOSEnterprise: 0x7fe31f6276b0>', team='<IDEProvisioningDisambiguatableBasicTeam: 0x7fe306723400; teamID='6NP7TMSQ24', teamName='MGM-IOT Technology (shanghai)Co.,Ltd.', teamType='Company', username='liu.jie@mgm-iot.com', isFreeProvisioningTeam='0'>'>
	<IDEDistributionProcessingPipelineContext: 0x7fe306883310; archive = '<IDEArchive: 0x7fe321e20e00>', distributionMethod='<IDEDistributionMethodiOSEnterprise: 0x7fe31f6276b0>', team='<IDEProvisioningDisambiguatableBasicTeam: 0x7fe306723400; teamID='6NP7TMSQ24', teamName='MGM-IOT Technology (shanghai)Co.,Ltd.', teamType='Company', username='liu.jie@mgm-iot.com', isFreeProvisioningTeam='0'>'>
	<IDEDistributionContext: 0x7fe30691fe10; archive = '<IDEArchive: 0x7fe321e20e00>', distributionMethod='<IDEDistributionMethodiOSEnterprise: 0x7fe31f6276b0>', team='<IDEProvisioningDisambiguatableBasicTeam: 0x7fe306723400; teamID='6NP7TMSQ24', teamName='MGM-IOT Technology (shanghai)Co.,Ltd.', teamType='Company', username='liu.jie@mgm-iot.com', isFreeProvisioningTeam='0'>'>
	<IDEDistributionContext: 0x7fe320a12980; archive = '<IDEArchive: 0x7fe321e20e00>', distributionMethod='<IDEDistributionMethodiOSEnterprise: 0x7fe31f6276b0>', team='<IDEProvisioningDisambiguatableBasicTeam: 0x7fe306723400; teamID='6NP7TMSQ24', teamName='MGM-IOT Technology (shanghai)Co.,Ltd.', teamType='Company', username='liu.jie@mgm-iot.com', isFreeProvisioningTeam='0'>'>
	<IDEDistributionContext: 0x7fe3069333b0; archive = '<IDEArchive: 0x7fe321e20e00>', distributionMethod='<IDEDistributionMethodiOSEnterprise: 0x7fe31f6276b0>', team='<IDEProvisioningDisambiguatableBasicTeam: 0x7fe306723400; teamID='6NP7TMSQ24', teamName='MGM-IOT Technology (shanghai)Co.,Ltd.', teamType='Company', username='liu.jie@mgm-iot.com', isFreeProvisioningTeam='0'>'>
	<IDEDistributionContext: 0x7fe3064e8e00; archive = '<IDEArchive: 0x7fe321e20e00>', distributionMethod='<IDEDistributionMethodiOSEnterprise: 0x7fe31f6276b0>', team='<IDEProvisioningDisambiguatableBasicTeam: 0x7fe306723400; teamID='6NP7TMSQ24', teamName='MGM-IOT Technology (shanghai)Co.,Ltd.', teamType='Company', username='liu.jie@mgm-iot.com', isFreeProvisioningTeam='0'>'>
	<IDEDistributionContext: 0x7fe3069bb7a0; archive = '<IDEArchive: 0x7fe321e20e00>', distributionMethod='<IDEDistributionMethodiOSEnterprise: 0x7fe31f6276b0>', team='<IDEProvisioningDisambiguatableBasicTeam: 0x7fe306723400; teamID='6NP7TMSQ24', teamName='MGM-IOT Technology (shanghai)Co.,Ltd.', teamType='Company', username='liu.jie@mgm-iot.com', isFreeProvisioningTeam='0'>'>
	<IDEDistributionContext: 0x7fe3069610c0; archive = '<IDEArchive: 0x7fe321e20e00>', distributionMethod='<IDEDistributionMethodiOSEnterprise: 0x7fe31f6276b0>', team='<IDEProvisioningDisambiguatableBasicTeam: 0x7fe306723400; teamID='6NP7TMSQ24', teamName='MGM-IOT Technology (shanghai)Co.,Ltd.', teamType='Company', username='liu.jie@mgm-iot.com', isFreeProvisioningTeam='0'>'>
	<IDEDistributionContext: 0x7fe30693a900; archive = '<IDEArchive: 0x7fe321e20e00>', distributionMethod='<IDEDistributionMethodiOSEnterprise: 0x7fe31f6276b0>', team='<IDEProvisioningDisambiguatableBasicTeam: 0x7fe306723400; teamID='6NP7TMSQ24', teamName='MGM-IOT Technology (shanghai)Co.,Ltd.', teamType='Company', username='liu.jie@mgm-iot.com', isFreeProvisioningTeam='0'>'>
	<IDEDistributionContext: 0x7fe3242dd7e0; archive = '<IDEArchive: 0x7fe321e20e00>', distributionMethod='<IDEDistributionMethodiOSEnterprise: 0x7fe31f6276b0>', team='(null)'>
	<IDEDistributionContext: 0x7fe306908890; archive = '<IDEArchive: 0x7fe321e20e00>', distributionMethod='<IDEDistributionMethodiOSEnterprise: 0x7fe31f6276b0>', team='(null)'>
	<IDEDistributionContext: 0x7fe304ec86b0; archive = '<IDEArchive: 0x7fe321e20e00>', distributionMethod='<IDEDistributionMethodiOSEnterprise: 0x7fe31f6276b0>', team='(null)'>
	<IDEDistributionContext: 0x7fe305d6e030; archive = '<IDEArchive: 0x7fe321e20e00>', distributionMethod='(null)', team='(null)'>
</IDEDistributionProcessingPipelineContext: 0x7fe305d1a260>
2019-12-26 02:36:36 +0000  Processing step: IDEDistributionCreateDestRootStep
2019-12-26 02:36:36 +0000  Processing step: IDEDistributionCopyItemStep
2019-12-26 02:36:36 +0000  Running /usr/bin/ditto '-V' '/Users/yifanw/Library/Developer/Xcode/Archives/2019-12-26/语祯物联 26-12-2019, 10.32 AM.xcarchive/Products/Applications/语祯物联.app' '/var/folders/1q/pqt9yfnj4y7409xq5_n_4b_w0000gn/T/XcodeDistPipeline.~~~fxM4lD/Root/Payload/语祯物联.app'
2019-12-26 02:36:36 +0000  >>> Copying /Users/yifanw/Library/Developer/Xcode/Archives/2019-12-26/语祯物联 26-12-2019, 10.32 AM.xcarchive/Products/Applications/语祯物联.app 
2019-12-26 02:36:36 +0000  copying file ./_CodeSignature/CodeResources ... 
2019-12-26 02:36:36 +0000  69235 bytes for ./_CodeSignature/CodeResources
2019-12-26 02:36:36 +0000  copying file ./scannerOverlay.nib/objects-13.0+.nib ... 
1501 bytes for ./scannerOverlay.nib/objects-13.0+.nib
copying file ./scannerOverlay.nib/runtime.nib ... 
2019-12-26 02:36:36 +0000  1501 bytes for ./scannerOverlay.nib/runtime.nib
copying file ./AppIcon20x20@2x.png ... 
2019-12-26 02:36:36 +0000  3521 bytes for ./AppIcon20x20@2x.png
2019-12-26 02:36:36 +0000  copying file ./MainViewController.nib/objects-13.0+.nib ... 
2019-12-26 02:36:36 +0000  980 bytes for ./MainViewController.nib/objects-13.0+.nib
copying file ./MainViewController.nib/runtime.nib ... 
2019-12-26 02:36:36 +0000  980 bytes for ./MainViewController.nib/runtime.nib
copying file ./AppIcon57x57.png ... 
2019-12-26 02:36:36 +0000  3834 bytes for ./AppIcon57x57.png
copying file ./AppIcon20x20@3x.png ... 
2019-12-26 02:36:36 +0000  3896 bytes for ./AppIcon20x20@3x.png
2019-12-26 02:36:36 +0000  copying file ./AppIcon29x29.png ... 
2019-12-26 02:36:36 +0000  3332 bytes for ./AppIcon29x29.png
2019-12-26 02:36:36 +0000  copying file ./AppIcon60x60@2x.png ... 
2019-12-26 02:36:36 +0000  5250 bytes for ./AppIcon60x60@2x.png
copying file ./AppIcon72x72@2x~ipad.png ... 
2019-12-26 02:36:36 +0000  5752 bytes for ./AppIcon72x72@2x~ipad.png
copying file ./AppIcon29x29@2x.png ... 
2019-12-26 02:36:36 +0000  3875 bytes for ./AppIcon29x29@2x.png
2019-12-26 02:36:36 +0000  copying file ./AppIcon40x40@3x.png ... 
2019-12-26 02:36:36 +0000  5250 bytes for ./AppIcon40x40@3x.png
copying file ./AppIcon57x57@2x.png ... 
2019-12-26 02:36:36 +0000  5132 bytes for ./AppIcon57x57@2x.png
copying file ./AppIcon29x29~ipad.png ... 
2019-12-26 02:36:36 +0000  3332 bytes for ./AppIcon29x29~ipad.png
2019-12-26 02:36:36 +0000  copying file ./AppIcon40x40@2x.png ... 
2019-12-26 02:36:36 +0000  4419 bytes for ./AppIcon40x40@2x.png
copying file ./AppIcon29x29@3x.png ... 
2019-12-26 02:36:36 +0000  9082 bytes for ./AppIcon29x29@3x.png
copying file ./AppIcon60x60@3x.png ... 
2019-12-26 02:36:36 +0000  6506 bytes for ./AppIcon60x60@3x.png
2019-12-26 02:36:36 +0000  copying file ./config.xml ... 
2019-12-26 02:36:36 +0000  5304 bytes for ./config.xml
copying file ./www/index.html ... 
2019-12-26 02:36:36 +0000  1369 bytes for ./www/index.html
2019-12-26 02:36:36 +0000  copying file ./www/cordova.js ... 
2019-12-26 02:36:36 +0000  78123 bytes for ./www/cordova.js
2019-12-26 02:36:36 +0000  copying file ./www/plugins/cordova-plugin-wechat/www/wechat.js ... 
2019-12-26 02:36:36 +0000  5820 bytes for ./www/plugins/cordova-plugin-wechat/www/wechat.js
2019-12-26 02:36:36 +0000  copying file ./www/plugins/cordova-hot-code-push-plugin/www/chcp.js ... 
2019-12-26 02:36:36 +0000  9167 bytes for ./www/plugins/cordova-hot-code-push-plugin/www/chcp.js
2019-12-26 02:36:36 +0000  copying file ./www/plugins/phonegap-plugin-barcodescanner/www/barcodescanner.js ... 
2019-12-26 02:36:36 +0000  5020 bytes for ./www/plugins/phonegap-plugin-barcodescanner/www/barcodescanner.js
2019-12-26 02:36:36 +0000  copying file ./www/plugins/cordova-plugin-camera/www/CameraPopoverOptions.js ... 
2019-12-26 02:36:36 +0000  2296 bytes for ./www/plugins/cordova-plugin-camera/www/CameraPopoverOptions.js
2019-12-26 02:36:36 +0000  copying file ./www/plugins/cordova-plugin-camera/www/ios/CameraPopoverHandle.js ... 
2019-12-26 02:36:36 +0000  2271 bytes for ./www/plugins/cordova-plugin-camera/www/ios/CameraPopoverHandle.js
copying file ./www/plugins/cordova-plugin-camera/www/CameraConstants.js ... 
2019-12-26 02:36:36 +0000  3488 bytes for ./www/plugins/cordova-plugin-camera/www/CameraConstants.js
2019-12-26 02:36:36 +0000  copying file ./www/plugins/cordova-plugin-camera/www/Camera.js ... 
2019-12-26 02:36:36 +0000  7995 bytes for ./www/plugins/cordova-plugin-camera/www/Camera.js
2019-12-26 02:36:36 +0000  copying file ./www/plugins/cordova-plugin-splashscreen/www/splashscreen.js ... 
2019-12-26 02:36:36 +0000  1173 bytes for ./www/plugins/cordova-plugin-splashscreen/www/splashscreen.js
2019-12-26 02:36:36 +0000  copying file ./www/chcp.json ... 
2019-12-26 02:36:36 +0000  193 bytes for ./www/chcp.json
copying file ./www/chcp.manifest ... 
2019-12-26 02:36:36 +0000  13508 bytes for ./www/chcp.manifest
2019-12-26 02:36:36 +0000  copying file ./www/static/css/vendor.4b09d62213ab.css ... 
2019-12-26 02:36:36 +0000  843177 bytes for ./www/static/css/vendor.4b09d62213ab.css
copying file ./www/static/css/app.db5b40ecb30d.css ... 
2019-12-26 02:36:36 +0000  2444660 bytes for ./www/static/css/app.db5b40ecb30d.css
copying file ./www/static/css/app-pad.styl ... 
2019-12-26 02:36:36 +0000  7969 bytes for ./www/static/css/app-pad.styl
copying file ./www/static/css/app-pc.styl ... 
47685 bytes for ./www/static/css/app-pc.styl
copying file ./www/static/css/reset.styl ... 
2246 bytes for ./www/static/css/reset.styl
copying file ./www/static/css/prefix.css ... 
2112 bytes for ./www/static/css/prefix.css
copying file ./www/static/css/codemirror.css ... 
749 bytes for ./www/static/css/codemirror.css
copying file ./www/static/css/variables.styl ... 
179 bytes for ./www/static/css/variables.styl
copying file ./www/static/css/app.86db30118cb5.css ... 
2019-12-26 02:36:36 +0000  2525706 bytes for ./www/static/css/app.86db30118cb5.css
copying file ./www/static/css/app.styl ... 
2019-12-26 02:36:36 +0000  23591 bytes for ./www/static/css/app.styl
copying file ./www/static/css/vendor.66f0cbeae0a3.css ... 
877857 bytes for ./www/static/css/vendor.66f0cbeae0a3.css
copying file ./www/static/css/calendar.css ... 
7852 bytes for ./www/static/css/calendar.css
copying file ./www/static/css/mixins.styl ... 
128 bytes for ./www/static/css/mixins.styl
copying file ./www/static/js/manifest.24d88ff1c75a894a0d72.js ... 
1492 bytes for ./www/static/js/manifest.24d88ff1c75a894a0d72.js
copying file ./www/static/js/vendor.d3b43d829cbe0e81b239.js ... 
2019-12-26 02:36:36 +0000  2187386 bytes for ./www/static/js/vendor.d3b43d829cbe0e81b239.js
copying file ./www/static/js/app.5f6a9cc261bac9b442d3.js ... 
2019-12-26 02:36:36 +0000  3598745 bytes for ./www/static/js/app.5f6a9cc261bac9b442d3.js
copying file ./www/static/js/manifest.c88b79698532f124f9f9.js ... 
2019-12-26 02:36:36 +0000  1449 bytes for ./www/static/js/manifest.c88b79698532f124f9f9.js
copying file ./www/static/js/vendor.caac48d3728c88a7d5e4.js ... 
2034425 bytes for ./www/static/js/vendor.caac48d3728c88a7d5e4.js
copying file ./www/static/js/app.05d5c206522a36090032.js ... 
2019-12-26 02:36:36 +0000  3382714 bytes for ./www/static/js/app.05d5c206522a36090032.js
2019-12-26 02:36:36 +0000  copying file ./www/static/img/sort_down.png ... 
3249 bytes for ./www/static/img/sort_down.png
copying file ./www/static/img/plan_unstart.png ... 
3299 bytes for ./www/static/img/plan_unstart.png
copying file ./www/static/img/plan_doing.png ... 
3404 bytes for ./www/static/img/plan_doing.png
copying file ./www/static/img/searchGray.png ... 
3805 bytes for ./www/static/img/searchGray.png
copying file ./www/static/img/prudecuDetail.png ... 
3146 bytes for ./www/static/img/prudecuDetail.png
copying file ./www/static/img/status_4.png ... 
6662 bytes for ./www/static/img/status_4.png
copying file ./www/static/img/trash_white.png ... 
8601 bytes for ./www/static/img/trash_white.png
copying file ./www/static/img/helpcenter.png ... 
3652 bytes for ./www/static/img/helpcenter.png
copying file ./www/static/img/filter@2.png ... 
3425 bytes for ./www/static/img/filter@2.png
copying file ./www/static/img/arrow_right.png ... 
3238 bytes for ./www/static/img/arrow_right.png
copying file ./www/static/img/gd_cancel.png ... 
3957 bytes for ./www/static/img/gd_cancel.png
copying file ./www/static/img/status_6.png ... 
6679 bytes for ./www/static/img/status_6.png
copying file ./www/static/img/reject_submit.png ... 
4120 bytes for ./www/static/img/reject_submit.png
copying file ./www/static/img/grid_unchecked.png ... 
3042 bytes for ./www/static/img/grid_unchecked.png
copying file ./www/static/img/mobile@2.png ... 
3033 bytes for ./www/static/img/mobile@2.png
copying file ./www/static/img/pic_upload.png ... 
1591 bytes for ./www/static/img/pic_upload.png
copying file ./www/static/img/gd_unDate.png ... 
3813 bytes for ./www/static/img/gd_unDate.png
copying file ./www/static/img/no.png ... 
3731 bytes for ./www/static/img/no.png
copying file ./www/static/img/sub.png ... 
2823 bytes for ./www/static/img/sub.png
copying file ./www/static/img/xb.jpg ... 
2412 bytes for ./www/static/img/xb.jpg
copying file ./www/static/img/checkbox-v1.png ... 
3042 bytes for ./www/static/img/checkbox-v1.png
copying file ./www/static/img/loadinging.png ... 
8594 bytes for ./www/static/img/loadinging.png
copying file ./www/static/img/checkBoxNew.png ... 
3042 bytes for ./www/static/img/checkBoxNew.png
copying file ./www/static/img/icon_arrows.png ... 
7961 bytes for ./www/static/img/icon_arrows.png
copying file ./www/static/img/gd_doing.png ... 
3744 bytes for ./www/static/img/gd_doing.png
copying file ./www/static/img/status_2.png ... 
6683 bytes for ./www/static/img/status_2.png
copying file ./www/static/img/plan_finish.png ... 
3394 bytes for ./www/static/img/plan_finish.png
copying file ./www/static/img/status_3.png ... 
6631 bytes for ./www/static/img/status_3.png
copying file ./www/static/img/jqzx.png ... 
5983 bytes for ./www/static/img/jqzx.png
copying file ./www/static/img/chart@2.png ... 
3797 bytes for ./www/static/img/chart@2.png
copying file ./www/static/img/exclamation-icon.png ... 
3019 bytes for ./www/static/img/exclamation-icon.png
copying file ./www/static/img/sort_up.png ... 
3259 bytes for ./www/static/img/sort_up.png
copying file ./www/static/img/metabox.png ... 
4547 bytes for ./www/static/img/metabox.png
copying file ./www/static/img/network_error.png ... 
48001 bytes for ./www/static/img/network_error.png
copying file ./www/static/img/select@2.png ... 
3051 bytes for ./www/static/img/select@2.png
copying file ./www/static/img/list@2.png ... 
3146 bytes for ./www/static/img/list@2.png
copying file ./www/static/img/plan_pused.png ... 
3297 bytes for ./www/static/img/plan_pused.png
copying file ./www/static/img/status_1.png ... 
6939 bytes for ./www/static/img/status_1.png
copying file ./www/static/img/arrow_left.png ... 
3248 bytes for ./www/static/img/arrow_left.png
copying file ./www/static/img/key@2.png ... 
4014 bytes for ./www/static/img/key@2.png
copying file ./www/static/img/checkBoxNewSelected.png ... 
3355 bytes for ./www/static/img/checkBoxNewSelected.png
copying file ./www/static/img/empty.png ... 
5770 bytes for ./www/static/img/empty.png
copying file ./www/static/img/right_pc.png ... 
3289 bytes for ./www/static/img/right_pc.png
co
2019-12-26 02:36:36 +0000  pying file ./www/static/img/metabox_pc.png ... 
4374 bytes for ./www/static/img/metabox_pc.png
copying file ./www/static/img/loaderror2.png ... 
4982 bytes for ./www/static/img/loaderror2.png
copying file ./www/static/img/setting_select.png ... 
8601 bytes for ./www/static/img/setting_select.png
copying file ./www/static/img/transfer@2.png ... 
3382 bytes for ./www/static/img/transfer@2.png
copying file ./www/static/img/user.png ... 
3269 bytes for ./www/static/img/user.png
copying file ./www/static/img/arrow.png ... 
3520 bytes for ./www/static/img/arrow.png
copying file ./www/static/img/scrollBarOverallY.png ... 
3074 bytes for ./www/static/img/scrollBarOverallY.png
copying file ./www/static/img/inlineworke.png ... 
3518 bytes for ./www/static/img/inlineworke.png
copying file ./www/static/img/loading.gif ... 
5713 bytes for ./www/static/img/loading.gif
copying file ./www/static/img/plus@2.png ... 
2946 bytes for ./www/static/img/plus@2.png
copying file ./www/static/img/warningProcess.png ... 
4452 bytes for ./www/static/img/warningProcess.png
copying file ./www/static/img/checkbox-active.png ... 
3237 bytes for ./www/static/img/checkbox-active.png
copying file ./www/static/img/yes.png ... 
3606 bytes for ./www/static/img/yes.png
copying file ./www/static/img/edit@2.png ... 
3519 bytes for ./www/static/img/edit@2.png
copying file ./www/static/img/loaderror.png ... 
7703 bytes for ./www/static/img/loaderror.png
copying file ./www/static/img/triangle.png ... 
2930 bytes for ./www/static/img/triangle.png
copying file ./www/static/img/selected.png ... 
2995 bytes for ./www/static/img/selected.png
copying file ./www/static/img/background.png ... 
307371 bytes for ./www/static/img/background.png
copying file ./www/static/img/arrow_top.png ... 
2019-12-26 02:36:36 +0000  2940 bytes for ./www/static/img/arrow_top.png
copying file ./www/static/img/search.png ... 
3537 bytes for ./www/static/img/search.png
copying file ./www/static/img/choice_gray.png ... 
3567 bytes for ./www/static/img/choice_gray.png
copying file ./www/static/img/machine_default.png ... 
32001 bytes for ./www/static/img/machine_default.png
copying file ./www/static/img/arrow_down@2.png ... 
2019-12-26 02:36:36 +0000  3239 bytes for ./www/static/img/arrow_down@2.png
copying file ./www/static/img/up2.png ... 
4501 bytes for ./www/static/img/up2.png
copying file ./www/static/img/icon-more.png ... 
4797 bytes for ./www/static/img/icon-more.png
copying file ./www/static/img/back@2.png ... 
3023 bytes for ./www/static/img/back@2.png
copying file ./www/static/img/alarm.png ... 
5657 bytes for ./www/static/img/alarm.png
copying file ./www/static/img/logo_new.png ... 
7162 bytes for ./www/static/img/logo_new.png
copying file ./www/static/img/left.png ... 
3147 bytes for ./www/static/img/left.png
copying file ./www/static/img/avatar.png ... 
11520 bytes for ./www/static/img/avatar.png
copying file ./www/static/img/arrow_black.png ... 
2947 bytes for ./www/static/img/arrow_black.png
copying file ./www/static/img/file_upload.png ... 
2020 bytes for ./www/static/img/file_upload.png
copying file ./www/static/img/coloseWhite.png ... 
3810 bytes for ./www/static/img/coloseWhite.png
copying file ./www/static/img/service@2.png ... 
3692 bytes for ./www/static/img/service@2.png
copying file ./www/static/img/select-active@2.png ... 
3158 bytes for ./www/static/img/select-active@2.png
copying file ./www/static/img/gd_unstart.png ... 
3660 bytes for ./www/static/img/gd_unstart.png
copying file ./www/static/img/chioce_blue.png ... 
3755 bytes for ./www/static/img/chioce_blue.png
copying file ./www/static/img/excel.png ... 
3819 bytes for ./www/static/img/excel.png
copying file ./www/static/img/gd_overDate.png ... 
3815 bytes for ./www/static/img/gd_overDate.png
copying file ./www/static/img/selected_big.png ... 
3180 bytes for ./www/static/img/selected_big.png
copying file ./www/static/img/logo.png ... 
8525 bytes for ./www/static/img/logo.png
copying file ./www/static/img/gd_huanxian.png ... 
4226 bytes for ./www/static/img/gd_huanxian.png
copying file ./www/static/img/backButton_machineDetail.png ... 
1747 bytes for ./www/static/img/backButton_machineDetail.png
copying file ./www/static/img/grid_checked.png ... 
3355 bytes for ./www/static/img/grid_checked.png
copying file ./www/static/img/filter.png ... 
3474 bytes for ./www/static/img/filter.png
copying file ./www/static/img/inner_loading.gif ... 
119146 bytes for ./www/static/img/inner_loading.gif
copying file ./www/static/img/gobackright.png ... 
4811 bytes for ./www/static/img/gobackright.png
copying file ./www/static/img/success.png ... 
5676 bytes for ./www/static/img/success.png
copying file ./www/static/img/alarm-btn.png ... 
2826 bytes for ./www/static/img/alarm-btn.png
copying file ./www/static/img/management@2.png ... 
3291 bytes for ./www/static/img/management@2.png
copying file ./www/static/img/capabilitytime.png ... 
3966 bytes for ./www/static/img/capabilitytime.png
copying file ./www/static/img/edit_white2.png ... 
3855 bytes for ./www/static/img/edit_white2.png
copying file ./www/static/img/delete.png ... 
3229 bytes for ./www/static/img/delete.png
copying file ./www/static/img/icon-bars.png ... 
3146 bytes for ./www/static/img/icon-bars.png
copying file ./www/static/img/help_quetion2.png ... 
85358 bytes for ./www/static/img/help_quetion2.png
copying file ./www/static/img/whiteSave.png ... 
3503 bytes for ./www/static/img/whiteSave.png
copying file ./www/static/img/ipad/warning.png ... 
1760 bytes for ./www/static/img/ipad/warning.png
copying file ./www/static/img/ipad/login_out.png ... 
3385 bytes for ./www/static/img/ipad/login_out.png
copying file ./www/static/img/ipad/user.png ... 
3913 bytes for ./www/static/img/ipad/user.png
copying file ./www/static/img/ipad/success.png ... 
3209 bytes for ./www/static/img/ipad/success.png
copying file ./www/static/img/ipad/select.png ... 
4682 bytes for ./www/static/img/ipad/select.png
copying file ./www/static/img/ipad/bind.png ... 
3046 bytes for ./www/static/img/ipad/bind.png
copying file ./www/static/img/ipad/fail.png ... 
2778 bytes for ./www/static/img/ipad/fail.png
copying file ./www/static/img/scrollBarOverall.png ... 
3081 bytes for ./www/static/img/scrollBarOverall.png
copying file ./www/static/img/edit.png ... 
3518 bytes for ./www/s
2019-12-26 02:36:36 +0000  tatic/img/edit.png
copying file ./www/static/img/help_question3.png ... 
77419 bytes for ./www/static/img/help_question3.png
copying file ./www/static/img/checkbox.png ... 
2883 bytes for ./www/static/img/checkbox.png
copying file ./www/static/img/accessories.png ... 
2019-12-26 02:36:36 +0000  3819 bytes for ./www/static/img/accessories.png
copying file ./www/static/img/fold-yellow.png ... 
2019-12-26 02:36:36 +0000  3458 bytes for ./www/static/img/fold-yellow.png
copying file ./www/static/img/gd_pause.png ... 
2019-12-26 02:36:36 +0000  3672 bytes for ./www/static/img/gd_pause.png
copying file ./www/static/img/page-close.png ... 
2019-12-26 02:36:36 +0000  4470 bytes for ./www/static/img/page-close.png
copying file ./www/static/img/warn.png ... 
2019-12-26 02:36:36 +0000  4586 bytes for ./www/static/img/warn.png
copying file ./www/static/img/icon-locked.png ... 
2019-12-26 02:36:36 +0000  3603 bytes for ./www/static/img/icon-locked.png
2019-12-26 02:36:36 +0000  copying file ./www/static/img/help-question4.png ... 
2019-12-26 02:36:36 +0000  33933 bytes for ./www/static/img/help-question4.png
2019-12-26 02:36:36 +0000  copying file ./www/static/img/up_new.png ... 
3324 bytes for ./www/static/img/up_new.png
copying file ./www/static/img/alarm_reload.png ... 
2019-12-26 02:36:36 +0000  4299 bytes for ./www/static/img/alarm_reload.png
copying file ./www/static/img/arrange@2.png ... 
2019-12-26 02:36:36 +0000  3538 bytes for ./www/static/img/arrange@2.png
copying file ./www/static/img/tool@2.png ... 
2019-12-26 02:36:36 +0000  3202 bytes for ./www/static/img/tool@2.png
2019-12-26 02:36:36 +0000  copying file ./www/static/img/inlineworke.gif ... 
2019-12-26 02:36:36 +0000  19707 bytes for ./www/static/img/inlineworke.gif
copying file ./www/static/img/fail.png ... 
2019-12-26 02:36:36 +0000  47837 bytes for ./www/static/img/fail.png
copying file ./www/static/img/setting.png ... 
2019-12-26 02:36:36 +0000  8601 bytes for ./www/static/img/setting.png
2019-12-26 02:36:36 +0000  copying file ./www/static/img/checkbox-active-v1.png ... 
2019-12-26 02:36:36 +0000  3450 bytes for ./www/static/img/checkbox-active-v1.png
copying file ./www/static/img/back.png ... 
2019-12-26 02:36:36 +0000  8007 bytes for ./www/static/img/back.png
copying file ./www/static/img/right.png ... 
2019-12-26 02:36:36 +0000  3154 bytes for ./www/static/img/right.png
2019-12-26 02:36:36 +0000  copying file ./www/static/img/save.png ... 
2019-12-26 02:36:36 +0000  3170 bytes for ./www/static/img/save.png
copying file ./www/static/img/shop-home-icon.png ... 
3826 bytes for ./www/static/img/shop-home-icon.png
2019-12-26 02:36:36 +0000  copying file ./www/static/img/plus_gray@2.png ... 
2019-12-26 02:36:36 +0000  2961 bytes for ./www/static/img/plus_gray@2.png
copying file ./www/static/img/simplify@2.png ... 
2019-12-26 02:36:36 +0000  3117 bytes for ./www/static/img/simplify@2.png
copying file ./www/static/img/left_pc.png ... 
2019-12-26 02:36:36 +0000  3296 bytes for ./www/static/img/left_pc.png
2019-12-26 02:36:36 +0000  copying file ./www/static/img/gd_finish.png ... 
2019-12-26 02:36:36 +0000  3753 bytes for ./www/static/img/gd_finish.png
copying file ./www/static/img/close.png ... 
2019-12-26 02:36:36 +0000  2960 bytes for ./www/static/img/close.png
copying file ./www/static/img/bg.jpg ... 
2019-12-26 02:36:36 +0000  37450 bytes for ./www/static/img/bg.jpg
2019-12-26 02:36:37 +0000  copying file ./www/static/lang/lang.json ... 
2019-12-26 02:36:37 +0000  92748 bytes for ./www/static/lang/lang.json
2019-12-26 02:36:37 +0000  copying file ./www/static/lang/language.xlsx ... 
2019-12-26 02:36:37 +0000  29714 bytes for ./www/static/lang/language.xlsx
2019-12-26 02:36:37 +0000  copying file ./www/static/font/helvetica.ttf ... 
2019-12-26 02:36:37 +0000  83644 bytes for ./www/static/font/helvetica.ttf
2019-12-26 02:36:37 +0000  copying file ./www/cordova-js-src/exec.js ... 
2019-12-26 02:36:37 +0000  8877 bytes for ./www/cordova-js-src/exec.js
2019-12-26 02:36:37 +0000  copying file ./www/cordova-js-src/plugin/ios/logger.js ... 
2019-12-26 02:36:37 +0000  10233 bytes for ./www/cordova-js-src/plugin/ios/logger.js
2019-12-26 02:36:37 +0000  copying file ./www/cordova-js-src/plugin/ios/console.js ... 
2019-12-26 02:36:37 +0000  6822 bytes for ./www/cordova-js-src/plugin/ios/console.js
2019-12-26 02:36:37 +0000  copying file ./www/cordova-js-src/platform.js ... 
2019-12-26 02:36:37 +0000  1168 bytes for ./www/cordova-js-src/platform.js
2019-12-26 02:36:37 +0000  copying file ./www/cordova_plugins.js ... 
2019-12-26 02:36:37 +0000  1938 bytes for ./www/cordova_plugins.js
2019-12-26 02:36:37 +0000  copying file ./Assets.car ... 
2019-12-26 02:36:37 +0000  2593504 bytes for ./Assets.car
copying file ./AppIcon40x40@2x~ipad.png ... 
2019-12-26 02:36:37 +0000  4419 bytes for ./AppIcon40x40@2x~ipad.png
copying file ./AppIcon76x76@2x~ipad.png ... 
5894 bytes for ./AppIcon76x76@2x~ipad.png
copying file ./AppIcon72x72~ipad.png ... 
4254 bytes for ./AppIcon72x72~ipad.png
copying file ./CDVLaunchScreen.storyboardc/01J-lp-oVM-view-Ze5-6b-2t3.nib/objects-13.0+.nib ... 
2333 bytes for ./CDVLaunchScreen.storyboardc/01J-lp-oVM-view-Ze5-6b-2t3.nib/objects-13.0+.nib
copying file ./CDVLaunchScreen.storyboardc/01J-lp-oVM-view-Ze5-6b-2t3.nib/runtime.nib ... 
2325 bytes for ./CDVLaunchScreen.storyboardc/01J-lp-oVM-view-Ze5-6b-2t3.nib/runtime.nib
copying file ./CDVLaunchScreen.storyboardc/UIViewController-01J-lp-oVM.nib/objects-13.0+.nib ... 
2019-12-26 02:36:37 +0000  896 bytes for ./CDVLaunchScreen.storyboardc/UIViewController-01J-lp-oVM.nib/objects-13.0+.nib
2019-12-26 02:36:37 +0000  copying file ./CDVLaunchScreen.storyboardc/UIViewController-01J-lp-oVM.nib/runtime.nib ... 
2019-12-26 02:36:37 +0000  896 bytes for ./CDVLaunchScreen.storyboardc/UIViewController-01J-lp-oVM.nib/runtime.nib
copying file ./CDVLaunchScreen.storyboardc/Info.plist ... 
258 bytes for ./CDVLaunchScreen.storyboardc/Info.plist
2019-12-26 02:36:37 +0000  copying file ./AppIcon83.5x83.5@2x~ipad.png ... 
2019-12-26 02:36:37 +0000  6170 bytes for ./AppIcon83.5x83.5@2x~ipad.png
copying file ./AppIcon50x50~ipad.png ... 
2019-12-26 02:36:37 +0000  3679 bytes for ./AppIcon50x50~ipad.png
copying file ./AppIcon29x29@2x~ipad.png ... 
2019-12-26 02:36:37 +0000  3875 bytes for ./AppIcon29x29@2x~ipad.png
copying file ./AppIcon50x50@2x~ipad.png ... 
2019-12-26 02:36:37 +0000  4820 bytes for ./AppIcon50x50@2x~ipad.png
2019-12-26 02:36:37 +0000  copying file ./AppIcon40x40~ipad.png ... 
2019-12-26 02:36:37 +0000  3521 bytes for ./AppIcon40x40~ipad.png
copying file ./语祯物联 ... 
2019-12-26 02:36:37 +0000  853824 bytes for ./语祯物联
2019-12-26 02:36:37 +0000  copying file ./CDVBarcodeScanner.bundle/beep.caf ... 
16020 bytes for ./CDVBarcodeScanner.bundle/beep.caf
copying file ./CDVBarcodeScanner.bundle/torch.png ... 
3173 bytes for ./CDVBarcodeScanner.bundle/torch.png
copying file ./CDVBarcodeScanner.bundle/torch@2x.png ... 
3687 bytes for ./CDVBarcodeScanner.bundle/torch@2x.png
copying file ./CDVBarcodeScanner.bundle/torch@3x.png ... 
4302 bytes for ./CDVBarcodeScanner.bundle/torch@3x.png
copying file ./AppIcon20x20@2x~ipad.png ... 
3521 bytes for ./AppIcon20x20@2x~ipad.png
copying file ./Info.plist ... 
1495 bytes for ./Info.plist
copying file ./PkgInfo ... 
8 bytes for ./PkgInfo
copying file ./AppIcon76x76~ipad.png ... 
4345 bytes for ./AppIcon76x76~ipad.png
2019-12-26 02:36:37 +0000  /usr/bin/ditto exited with 0
2019-12-26 02:36:37 +0000  Processing step: IDEDistributionEmbedProfileStep
2019-12-26 02:36:37 +0000  Skipping profile for item: <IDEDistributionItem: 0x7fe306556f10; bundleID='com.mgmiot.moses.mobile', path='<DVTFilePath:0x7fe30657a510:'/Users/yifanw/Library/Developer/Xcode/Archives/2019-12-26/语祯物联 26-12-2019, 10.32 AM.xcarchive/Products/Applications/语祯物联.app'>', codeSigningInfo='<_DVTCodeSigningInformation_Path: 0x7fe30655e210; isSigned='1', isAdHocSigned='0', signingCertificate='<DVTSigningCertificate: 0x7fe306b19cd0; name='Apple Development: jie liu (9F6M7XYV2E)', hash='B74752587F6CB445F3CD6F3A978308AD71DE0119', serialNumber='590571891985DE8', certificateKinds='(
    "1.2.840.113635.100.6.1.12",
    "1.2.840.113635.100.6.1.2"
), issueDate='2019-12-19 06:25:19 +0000''>', entitlements='{
    "application-identifier" = "6NP7TMSQ24.com.mgmiot.moses3";
    "com.apple.developer.team-identifier" = 6NP7TMSQ24;
    "get-task-allow" = 1;
}', teamID='6NP7TMSQ24', identifier='com.mgmiot.moses.mobile', executablePath='<DVTFilePath:0x7fe3065ef870:'/Users/yifanw/Library/Developer/Xcode/Archives/2019-12-26/语祯物联 26-12-2019, 10.32 AM.xcarchive/Products/Applications/语祯物联.app/语祯物联'>', hardenedRuntime='0'>'>
2019-12-26 02:36:37 +0000  Processing step: IDEDistributionAppThinningPlistStep
2019-12-26 02:36:37 +0000  Skipping step: IDEDistributionAppThinningPlistStep because it said so
2019-12-26 02:36:37 +0000  Processing step: IDEDistributionCompileBitcodeStep
2019-12-26 02:36:37 +0000  Skipping step: IDEDistributionCompileBitcodeStep because it said so
2019-12-26 02:36:37 +0000  Processing step: IDEDistributionCodeSlimmingStep
2019-12-26 02:36:37 +0000  Processing step: IDEDistributionCopyBCSymbolMapsStep
2019-12-26 02:36:37 +0000  Skipping step: IDEDistributionCopyBCSymbolMapsStep because it said so
2019-12-26 02:36:37 +0000  Processing step: IDEDistributionSymbolsStep
2019-12-26 02:36:37 +0000  Skipping step: IDEDistributionSymbolsStep because it said so
2019-12-26 02:36:37 +0000  Processing step: IDEDistributionAppThinningStep
2019-12-26 02:36:37 +0000  Skipping step: IDEDistributionAppThinningStep because it said so
2019-12-26 02:36:37 +0000  Processing step: IDEDistributionArchThinningStep
2019-12-26 02:36:37 +0000  Running /Users/yifanw/Downloads/Xcode-beta.app/Contents/Developer/Toolchains/XcodeDefault.xctoolchain/usr/bin/lipo '/var/folders/1q/pqt9yfnj4y7409xq5_n_4b_w0000gn/T/XcodeDistPipeline.~~~fxM4lD/Root/Payload/语祯物联.app/语祯物联' '-verify_arch' 'arm64e'
2019-12-26 02:36:37 +0000  /Users/yifanw/Downloads/Xcode-beta.app/Contents/Developer/Toolchains/XcodeDefault.xctoolchain/usr/bin/lipo exited with 1
2019-12-26 02:36:37 +0000  Skipping architecture thinning for item "语祯物联" because arch "arm64e" wasn't found
2019-12-26 02:36:37 +0000  Processing step: IDEDistributionODRStep
2019-12-26 02:36:37 +0000  Processing step: IDEDistributionStripXattrsStep
2019-12-26 02:36:37 +0000  Running /usr/bin/xattr '-crs' '/var/folders/1q/pqt9yfnj4y7409xq5_n_4b_w0000gn/T/XcodeDistPipeline.~~~fxM4lD/Root/Payload/语祯物联.app'
2019-12-26 02:36:39 +0000  /usr/bin/xattr exited with 0
2019-12-26 02:36:39 +0000  Processing step: IDEDistributionCodesignStep
2019-12-26 02:36:39 +0000  Entitlements for <IDEDistributionItem: 0x7fe306556f10; bundleID='com.mgmiot.moses.mobile', path='<DVTFilePath:0x7fe30657a510:'/Users/yifanw/Library/Developer/Xcode/Archives/2019-12-26/语祯物联 26-12-2019, 10.32 AM.xcarchive/Products/Applications/语祯物联.app'>', codeSigningInfo='<_DVTCodeSigningInformation_Path: 0x7fe30655e210; isSigned='1', isAdHocSigned='0', signingCertificate='<DVTSigningCertificate: 0x7fe306b19cd0; name='Apple Development: jie liu (9F6M7XYV2E)', hash='B74752587F6CB445F3CD6F3A978308AD71DE0119', serialNumber='590571891985DE8', certificateKinds='(
    "1.2.840.113635.100.6.1.12",
    "1.2.840.113635.100.6.1.2"
), issueDate='2019-12-19 06:25:19 +0000''>', entitlements='{
    "application-identifier" = "6NP7TMSQ24.com.mgmiot.moses3";
    "com.apple.developer.team-identifier" = 6NP7TMSQ24;
    "get-task-allow" = 1;
}', teamID='6NP7TMSQ24', identifier='com.mgmiot.moses.mobile', executablePath='<DVTFilePath:0x7fe3065ef870:'/Users/yifanw/Library/Developer/Xcode/Archives/2019-12-26/语祯物联 26-12-2019, 10.32 AM.xcarchive/Products/Applications/语祯物联.app/语祯物联'>', hardenedRuntime='0'>'>: {
    "application-identifier" = "6NP7TMSQ24.com.mgmiot.moses3";
    "com.apple.developer.team-identifier" = 6NP7TMSQ24;
}
2019-12-26 02:36:39 +0000  Writing entitlements for <IDEDistributionItem: 0x7fe306556f10; bundleID='com.mgmiot.moses.mobile', path='<DVTFilePath:0x7fe30657a510:'/Users/yifanw/Library/Developer/Xcode/Archives/2019-12-26/语祯物联 26-12-2019, 10.32 AM.xcarchive/Products/Applications/语祯物联.app'>', codeSigningInfo='<_DVTCodeSigningInformation_Path: 0x7fe30655e210; isSigned='1', isAdHocSigned='0', signingCertificate='<DVTSigningCertificate: 0x7fe304dc45b0; name='Apple Development: jie liu (9F6M7XYV2E)', hash='B74752587F6CB445F3CD6F3A978308AD71DE0119', serialNumber='590571891985DE8', certificateKinds='(
    "1.2.840.113635.100.6.1.12",
    "1.2.840.113635.100.6.1.2"
), issueDate='2019-12-19 06:25:19 +0000''>', entitlements='{
    "application-identifier" = "6NP7TMSQ24.com.mgmiot.moses3";
    "com.apple.developer.team-identifier" = 6NP7TMSQ24;
    "get-task-allow" = 1;
}', teamID='6NP7TMSQ24', identifier='com.mgmiot.moses.mobile', executablePath='<DVTFilePath:0x7fe3065ef870:'/Users/yifanw/Library/Developer/Xcode/Archives/2019-12-26/语祯物联 26-12-2019, 10.32 AM.xcarchive/Products/Applications/语祯物联.app/语祯物联'>', hardenedRuntime='0'>'> to: /var/folders/1q/pqt9yfnj4y7409xq5_n_4b_w0000gn/T/XcodeDistPipeline.~~~fxM4lD/entitlements~~~tJvN6r
2019-12-26 02:36:39 +0000  Running /usr/bin/codesign '-vvv' '--force' '--sign' '8399C6D5077BA1A64732417FDB052281FED8D63E' '--entitlements' '/var/folders/1q/pqt9yfnj4y7409xq5_n_4b_w0000gn/T/XcodeDistPipeline.~~~fxM4lD/entitlements~~~tJvN6r' '--preserve-metadata=identifier,flags,runtime' '/var/folders/1q/pqt9yfnj4y7409xq5_n_4b_w0000gn/T/XcodeDistPipeline.~~~fxM4lD/Root/Payload/语祯物联.app'
2019-12-26 02:36:39 +0000  /var/folders/1q/pqt9yfnj4y7409xq5_n_4b_w0000gn/T/XcodeDistPipeline.~~~fxM4lD/Root/Payload/语祯物联.app: replacing existing signature
2019-12-26 02:36:39 +0000  /var/folders/1q/pqt9yfnj4y7409xq5_n_4b_w0000gn/T/XcodeDistPipeline.~~~fxM4lD/Root/Payload/语祯物联.app: signed app bundle with Mach-O universal (armv7 arm64) [com.mgmiot.moses.mobile]
2019-12-26 02:36:39 +0000  /usr/bin/codesign exited with 0
2019-12-26 02:36:39 +0000  Processing step: IDEDistributionZipODRItemStep
2019-12-26 02:36:39 +0000  Skipping step: IDEDistributionZipODRItemStep because it said so
2019-12-26 02:36:39 +0000  Processing step: IDEDistributionCreateIPAStep
2019-12-26 02:36:39 +0000  Running /usr/bin/ditto '-V' '-c' '-k' '--norsrc' '/var/folders/1q/pqt9yfnj4y7409xq5_n_4b_w0000gn/T/XcodeDistPipeline.~~~fxM4lD/Root' '/var/folders/1q/pqt9yfnj4y7409xq5_n_4b_w0000gn/T/XcodeDistPipeline.~~~fxM4lD/Packages/语祯物联.ipa'
2019-12-26 02:36:39 +0000  >>> Copying /var/folders/1q/pqt9yfnj4y7409xq5_n_4b_w0000gn/T/XcodeDistPipeline.~~~fxM4lD/Root 
2019-12-26 02:36:39 +0000  copying file ./Payload/语祯物联.app/_CodeSignature/CodeResources ... 
2019-12-26 02:36:39 +0000  69235 bytes for ./Payload/语祯物联.app/_CodeSignature/CodeResources
2019-12-26 02:36:39 +0000  copying file ./Payload/语祯物联.app/scannerOverlay.nib/objects-13.0+.nib ... 
1501 bytes for ./Payload/语祯物联.app/scannerOverlay.nib/objects-13.0+.nib
copying file ./Payload/语祯物联.app/scannerOverlay.nib/runtime.nib ... 
2019-12-26 02:36:39 +0000  1501 bytes for ./Payload/语祯物联.app/scannerOverlay.nib/runtime.nib
copying file ./Payload/语祯物联.app/AppIcon20x20@2x.png ... 
2019-12-26 02:36:39 +0000  3521 bytes for ./Payload/语祯物联.app/AppIcon20x20@2x.png
copying file ./Payload/语祯物联.app/MainViewController.nib/objects-13.0+.nib ... 
2019-12-26 02:36:39 +0000  980 bytes for ./Payload/语祯物联.app/MainViewController.nib/objects-13.0+.nib
copying file ./Payload/语祯物联.app/MainViewController.nib/runtime.nib ... 
2019-12-26 02:36:39 +0000  980 bytes for ./Payload/语祯物联.app/MainViewController.nib/runtime.nib
copying file ./Payload/语祯物联.app/AppIcon57x57.png ... 
2019-12-26 02:36:39 +0000  3834 bytes for ./Payload/语祯物联.app/AppIcon57x57.png
copying file ./Payload/语祯物联.app/AppIcon20x20@3x.png ... 
3896 bytes for ./Payload/语祯物联.app/AppIcon20x20@3x.png
copying file ./Payload/语祯物联.app/AppIcon29x29.png ... 
2019-12-26 02:36:39 +0000  3332 bytes for ./Payload/语祯物联.app/AppIcon29x29.png
copying file ./Payload/语祯物联.app/AppIcon60x60@2x.png ... 
2019-12-26 02:36:39 +0000  5250 bytes for ./Payload/语祯物联.app/AppIcon60x60@2x.png
copying file ./Payload/语祯物联.app/AppIcon72x72@2x~ipad.png ... 
2019-12-26 02:36:39 +0000  5752 bytes for ./Payload/语祯物联.app/AppIcon72x72@2x~ipad.png
copying file ./Payload/语祯物联.app/AppIcon29x29@2x.png ... 
2019-12-26 02:36:39 +0000  3875 bytes for ./Payload/语祯物联.app/AppIcon29x29@2x.png
copying file ./Payload/语祯物联.app/AppIcon40x40@3x.png ... 
2019-12-26 02:36:39 +0000  5250 bytes for ./Payload/语祯物联.app/AppIcon40x40@3x.png
copying file ./Payload/语祯物联.app/AppIcon57x57@2x.png ... 
2019-12-26 02:36:39 +0000  5132 bytes for ./Payload/语祯物联.app/AppIcon57x57@2x.png
copying file ./Payload/语祯物联.app/AppIcon29x29~ipad.png ... 
2019-12-26 02:36:39 +0000  3332 bytes for ./Payload/语祯物联.app/AppIcon29x29~ipad.png
copying file ./Payload/语祯物联.app/AppIcon40x40@2x.png ... 
2019-12-26 02:36:39 +0000  4419 bytes for ./Payload/语祯物联.app/AppIcon40x40@2x.png
copying file ./Payload/语祯物联.app/AppIcon29x29@3x.png ... 
2019-12-26 02:36:39 +0000  9082 bytes for ./Payload/语祯物联.app/AppIcon29x29@3x.png
2019-12-26 02:36:39 +0000  copying file ./Payload/语祯物联.app/AppIcon60x60@3x.png ... 
2019-12-26 02:36:39 +0000  6506 bytes for ./Payload/语祯物联.app/AppIcon60x60@3x.png
copying file ./Payload/语祯物联.app/config.xml ... 
2019-12-26 02:36:39 +0000  5304 bytes for ./Payload/语祯物联.app/config.xml
copying file ./Payload/语祯物联.app/www/index.html ... 
2019-12-26 02:36:39 +0000  1369 bytes for ./Payload/语祯物联.app/www/index.html
copying file ./Payload/语祯物联.app/www/cordova.js ... 
2019-12-26 02:36:39 +0000  78123 bytes for ./Payload/语祯物联.app/www/cordova.js
2019-12-26 02:36:39 +0000  copying file ./Payload/语祯物联.app/www/plugins/cordova-plugin-wechat/www/wechat.js ... 
2019-12-26 02:36:39 +0000  5820 bytes for ./Payload/语祯物联.app/www/plugins/cordova-plugin-wechat/www/wechat.js
copying file ./Payload/语祯物联.app/www/plugins/cordova-hot-code-push-plugin/www/chcp.js ... 
2019-12-26 02:36:39 +0000  9167 bytes for ./Payload/语祯物联.app/www/plugins/cordova-hot-code-push-plugin/www/chcp.js
2019-12-26 02:36:39 +0000  copying file ./Payload/语祯物联.app/www/plugins/phonegap-plugin-barcodescanner/www/barcodescanner.js ... 
5020 bytes for ./Payload/语祯物联.app/www/plugins/phonegap-plugin-barcodescanner/www/barcodescanner.js
copying file ./Payload/语祯物联.app/www/plugins/cordova-plugin-camera/www/CameraPopoverOptions.js ... 
2019-12-26 02:36:39 +0000  2296 bytes for ./Payload/语祯物联.app/www/plugins/cordova-plugin-camera/www/CameraPopoverOptions.js
copying file ./Payload/语祯物联.app/www/plugins/cordova-plugin-camera/www/ios/CameraPopoverHandle.js ... 
2019-12-26 02:36:39 +0000  2271 bytes for ./Payload/语祯物联.app/www/plugins/cordova-plugin-camera/www/ios/CameraPopoverHandle.js
copying file ./Payload/语祯物联.app/www/plugins/cordova-plugin-camera/www/CameraConstants.js ... 
2019-12-26 02:36:39 +0000  3488 bytes for ./Payload/语祯物联.app/www/plugins/cordova-plugin-camera/www/CameraConstants.js
copying file ./Payload/语祯物联.app/www/plugins/cordova-plugin-camera/www/Camera.js ... 
2019-12-26 02:36:39 +0000  7995 bytes for ./Payload/语祯物联.app/www/plugins/cordova-plugin-camera/www/Camera.js
2019-12-26 02:36:39 +0000  copying file ./Payload/语祯物联.app/www/plugins/cordova-plugin-splashscreen/www/splashscreen.js ... 
1173 bytes for ./Payload/语祯物联.app/www/plugins/cordova-plugin-splashscreen/www/splashscreen.js
2019-12-26 02:36:39 +0000  copying file ./Payload/语祯物联.app/www/chcp.json ... 
193 bytes for ./Payload/语祯物联.app/www/chcp.json
copying file ./Payload/语祯物联.app/www/chcp.manifest ... 
2019-12-26 02:36:39 +0000  13508 bytes for ./Payload/语祯物联.app/www/chcp.manifest
2019-12-26 02:36:39 +0000  copying file ./Payload/语祯物联.app/www/static/css/vendor.4b09d62213ab.css ... 
2019-12-26 02:36:39 +0000  843177 bytes for ./Payload/语祯物联.app/www/static/css/vendor.4b09d62213ab.css
copying file ./Payload/语祯物联.app/www/static/css/app.db5b40ecb30d.css ... 
2019-12-26 02:36:39 +0000  2444660 bytes for ./Payload/语祯物联.app/www/static/css/app.db5b40ecb30d.css
copying file ./Payload/语祯物联.app/www/static/css/app-pad.styl ... 
2019-12-26 02:36:39 +0000  7969 bytes for ./Payload/语祯物联.app/www/static/css/app-pad.styl
copying file ./Payload/语祯物联.app/www/static/css/app-pc.styl ... 
2019-12-26 02:36:39 +0000  47685 bytes for ./Payload/语祯物联.app/www/static/css/app-pc.styl
copying file ./Payload/语祯物联.app/www/static/css/reset.styl ... 
2019-12-26 02:36:39 +0000  2246 bytes for ./Payload/语祯物联.app/www/static/css/reset.styl
copying file ./Payload/语祯物联.app/www/static/css/prefix.css ... 
2019-12-26 02:36:39 +0000  2112 bytes for ./Payload/语祯物联.app/www/static/css/prefix.css
copying file ./Payload/语祯物联.app/www/static/css/codemirror.css ... 
749 bytes for ./Payload/语祯物联.app/www/static/css/codemirror.css
copying file ./Payload/语祯物联.app/www/static/css/variables.styl ... 
2019-12-26 02:36:39 +0000  179 bytes for ./Payload/语祯物联.app/www/static/css/variables.styl
copying file ./Payload/语祯物联.app/www/static/css/app.86db30118cb5.css ... 
2019-12-26 02:36:39 +0000  2525706 bytes for ./Payload/语祯物联.app/www/static/css/app.86db30118cb5.css
copying file ./Payload/语祯物联.app/www/static/css/app.styl ... 
2019-12-26 02:36:39 +0000  23591 bytes for ./Payload/语祯物联.app/www/static/css/app.styl
copying file ./Payload/语祯物联.app/www/static/css/vendor.66f0cbeae0a3.css ... 
2019-12-26 02:36:39 +0000  877857 bytes for ./Payload/语祯物联.app/www/static/css/vendor.66f0cbeae0a3.css
copying file ./Payload/语祯物联.app/www/static/css/calendar.css ... 
2019-12-26 02:36:39 +0000  7852 bytes for ./Payload/语祯物联.app/www/static/css/calendar.css
copying file ./Payload/语祯物联.app/www/static/css/mixins.styl ... 
2019-12-26 02:36:39 +0000  128 bytes for ./Payload/语祯物联.app/www/static/css/mixins.styl
copying file ./Payload/语祯物联.app/www/static/js/manifest.24d88ff1c75a894a0d72.js ... 
2019-12-26 02:36:39 +0000  1492 bytes for ./Payload/语祯物联.app/www/static/js/manifest.24d88ff1c75a894a0d72.js
copying file ./Payload/语祯物联.app/www/static/js/vendor.d3b43d829cbe0e81b239.js ... 
2019-12-26 02:36:39 +0000  2187386 bytes for ./Payload/语祯物联.app/www/static/js/vendor.d3b43d829cbe0e81b239.js
2019-12-26 02:36:39 +0000  copying file ./Payload/语祯物联.app/www/static/js/app.5f6a9cc261bac9b442d3.js ... 
2019-12-26 02:36:39 +0000  3598745 bytes for ./Payload/语祯物联.app/www/static/js/app.5f6a9cc261bac9b442d3.js
2019-12-26 02:36:39 +0000  copying file ./Payload/语祯物联.app/www/static/js/manifest.c88b79698532f124f9f9.js ... 
1449 bytes for ./Payload/语祯物联.app/www/static/js/manifest.c88b79698532f124f9f9.js
copying file ./Payload/语祯物联.app/www/static/js/vendor.caac48d3728c88a7d5e4.js ... 
2019-12-26 02:36:39 +0000  2034425 bytes for ./Payload/语祯物联.app/www/static/js/vendor.caac48d3728c88a7d5e4.js
copying file ./Payload/语祯物联.app/www/static/js/app.05d5c206522a36090032.js ... 
2019-12-26 02:36:40 +0000  3382714 bytes for ./Payload/语祯物联.app/www/static/js/app.05d5c206522a36090032.js
2019-12-26 02:36:40 +0000  copying file ./Payload/语祯物联.app/www/static/img/sort_down.png ... 
2019-12-26 02:36:40 +0000  3249 bytes for ./Payload/语祯物联.app/www/static/img/sort_down.png
copying file ./Payload/语祯物联.app/www/static/img/plan_unstart.png ... 
2019-12-26 02:36:40 +0000  3299 bytes for ./Payload/语祯物联.app/www/static/img/plan_unstart.png
copying file ./Payload/语祯物联.app/www/static/img/plan_doing.png ... 
3404 bytes for ./Payload/语祯物联.app/www/static/img/plan_doing.png
copying file ./Payload/语祯物联.app/www/static/img/searchGray.png ... 
3805 bytes for ./Payload/语祯物联.app/www/static/img/searchGray.png
copying file ./Payload/语祯物联.app/www/static/img/prudecuDetail.png ... 
2019-12-26 02:36:40 +0000  3146 bytes for ./Payload/语祯物联.app/www/static/img/prudecuDetail.png
copying file ./Payload/语祯物联.app/www/static/img/status_4.png ... 
2019-12-26 02:36:40 +0000  6662 bytes for ./Payload/语祯物联.app/www/static/img/status_4.png
copying file ./Payload/语祯物联.app/www/static/img/trash_white.png ... 
2019-12-26 02:36:40 +0000  8601 bytes for ./Payload/语祯物联.app/www/static/img/trash_white.png
copying file ./Payload/语祯物联.app/www/static/img/helpcenter.png ... 
2019-12-26 02:36:40 +0000  3652 bytes for ./Payload/语祯物联.app/www/static/img/helpcenter.png
copying file ./Payload/语祯物联.app/www/static/img/filter@2.png ... 
2019-12-26 02:36:40 +0000  3425 bytes for ./Payload/语祯物联.app/www/static/img/filter@2.png
copying file ./Payload/语祯物联.app/www/static/img/arrow_right.png ... 
2019-12-26 02:36:40 +0000  3238 bytes for ./Payload/语祯物联.app/www/static/img/arrow_right.png
copying file ./Payload/语祯物联.app/www/static/img/gd_cancel.png ... 
2019-12-26 02:36:40 +0000  3957 bytes for ./Payload/语祯物联.app/www/static/img/gd_cancel.png
copying file ./Payload/语祯物联.app/www/static/img/status_6.png ... 
2019-12-26 02:36:40 +0000  6679 bytes for ./Payload/语祯物联.app/www/static/img/status_6.png
copying file ./Payload/语祯物联.app/www/static/img/reject_submit.png ... 
2019-12-26 02:36:40 +0000  4120 bytes for ./Payload/语祯物联.app/www/static/img/reject_submit.png
copying file ./Payload/语祯物联.app/www/static/img/grid_unchecked.png ... 
2019-12-26 02:36:40 +0000  3042 bytes for ./Payload/语祯物联.app/www/static/img/grid_unchecked.png
copying file ./Payload/语祯物联.app/www/static/img/mobile@2.png ... 
2019-12-26 02:36:40 +0000  3033 bytes for ./Payload/语祯物联.app/www/static/img/mobile@2.png
copying file ./Payload/语祯物联.app/www/static/img/pic_upload.png ... 
2019-12-26 02:36:40 +0000  1591 bytes for ./Payload/语祯物联.app/www/static/img/pic_upload.png
copying file ./Payload/语祯物联.app/www/static/img/gd_unDate.png ... 
2019-12-26 02:36:40 +0000  3813 bytes for ./Payload/语祯物联.app/www/static/img/gd_unDate.png
copying file ./Payload/语祯物联.app/www/static/img/no.png ... 
2019-12-26 02:36:40 +0000  3731 bytes for ./Payload/语祯物联.app/www/static/img/no.png
copying file ./Payload/语祯物联.app/www/static/img/sub.png ... 
2823 bytes for ./Payload/语祯物联.app/www/static/img/sub.png
copying file ./Payload/语祯物联.app/www/static/img/xb.jpg ... 
2019-12-26 02:36:40 +0000  2412 bytes for ./Payload/语祯物联.app/www/static/img/xb.jpg
copying file ./Payload/语祯物联.app/www/static/img/checkbox-v1.png ... 
2019-12-26 02:36:40 +0000  3042 bytes for ./Payload/语祯物联.app/www/static/img/checkbox-v1.png
copying file ./Payload/语祯物联.app/www/static/img/loadinging.png ... 
2019-12-26 02:36:40 +0000  8594 bytes for ./Payload/语祯物联.app/www/static/img/loadinging.png
2019-12-26 02:36:40 +0000  copying file ./Payload/语祯物联.app/www/static/img/checkBoxNew.png ... 
3042 bytes for ./Payload/语祯物联.app/www/static/img/checkBoxNew.png
copying file ./Payload/语祯物联.app/www/static/img/icon_arrows.png ... 
2019-12-26 02:36:40 +0000  7961 bytes for ./Payload/语祯物联.app/www/static/img/icon_arrows.png
copying file ./Payload/语祯物联.app/www/static/img/gd_doing.png ... 
2019-12-26 02:36:40 +0000  3744 bytes for ./Payload/语祯物联.app/www/static/img/gd_doing.png
copying file ./Payload/语祯物联.app/www/static/img/status_2.png ... 
2019-12-26 02:36:40 +0000  6683 bytes for ./Payload/语祯物联.app/www/static/img/status_2.png
copying file ./Payload/语祯物联.app/www/static/img/plan_finish.png ... 
2019-12-26 02:36:40 +0000  3394 bytes for ./Payload/语祯物联.app/www/static/img/plan_finish.png
copying file ./Payload/语祯物联.app/www/static/img/status_3.png ... 
2019-12-26 02:36:40 +0000  6631 bytes for ./Payload/语祯物联.app/www/static/img/status_3.png
copying file ./Payload/语祯物联.app/www/static/img/jqzx.png ... 
2019-12-26 02:36:40 +0000  5983 bytes for ./Payload/语祯物联.app/www/static/img/jqzx.png
copying file ./Payload/语祯物联.app/www/static/img/chart@2.png ... 
2019-12-26 02:36:40 +0000  3797 bytes for ./Payload/语祯物联.app/www/static/img/chart@2.png
copying file ./Payload/语祯物联.app/www/static/img/exclamation-icon.png ... 
2019-12-26 02:36:40 +0000  3019 bytes for ./Payload/语祯物联.app/www/static/img/exclamation-icon.png
copying file ./Payload/语祯物联.app/www/static/img/sort_up.png ... 
2019-12-26 02:36:40 +0000  3259 bytes for ./Payload/语祯物联.app/www/static/img/sort_up.png
copying file ./Payload/语祯物联.app/www/static/img/metabox.png ... 
2019-12-26 02:36:40 +0000  4547 bytes for ./Payload/语祯物联.app/www/static/img/metabox.png
copying file ./Payload/语祯物联.app/www/static/img/network_error.png ... 
2019-12-26 02:36:40 +0000  48001 bytes for ./Payload/语祯物联.app/www/static/img/network_error.png
copying file ./Payload/语祯物联.app/www/static/img/select@2.png ... 
2019-12-26 02:36:40 +0000  3051 bytes for ./Payload/语祯物联.app/www/static/img/select@2.png
copying file ./Payload/语祯物联.app/www/static/img/list@2.png ... 
2019-12-26 02:36:40 +0000  3146 bytes for ./Payload/语祯物联.app/www/static/img/list@2.png
copying file ./Payload/语祯物联.app/www/static/img/plan_pused.png ... 
2019-12-26 02:36:40 +0000  3297 bytes for ./Payload/语祯物联.app/www/static/img/plan_pused.png
copying file ./Payload/语祯物联.app/www/static/img/status_1.png ... 
2019-12-26 02:36:40 +0000  6939 bytes for ./Payload/语祯物联.app/www/static/img/status_1.png
2019-12-26 02:36:40 +0000  copying file ./Payload/语祯物联.app/www/static/img/arrow_left.png ... 
3248 bytes for ./Payload/语祯物联.app/www/static/img/arrow_left.png
2019-12-26 02:36:40 +0000  copying file ./Payload/语祯物联.app/www/static/img/key@2.png ... 
2019-12-26 02:36:40 +0000  4014 bytes for ./Payload/语祯物联.app/www/static/img/key@2.png
copying file ./Payload/语祯物联.app/www/static/img/checkBoxNewSelected.png ... 
2019-12-26 02:36:40 +0000  3355 bytes for ./Payload/语祯物联.app/www/static/img/checkBoxNewSelected.png
copying file ./Payload/语祯物联.app/www/static/img/empty.png ... 
2019-12-26 02:36:40 +0000  5770 bytes for ./Payload/语祯物联.app/www/static/img/empty.png
copying file ./Payload/语祯物联.app/www/static/img/right_pc.png ... 
3289 bytes for ./Payload/语祯物联.app/www/static/img/right_pc.png
copying file ./Payload/语祯物联.app/www/static/img/metabox_pc.png ... 
2019-12-26 02:36:40 +0000  4374 bytes for ./Payload/语祯物联.app/www/static/img/metabox_pc.png
copying file ./Payload/语祯物联.app/www/static/img/loaderror2.png ... 
2019-12-26 02:36:40 +0000  4982 bytes for ./Payload/语祯物联.app/www/static/img/loaderror2.png
copying file ./Payload/语祯物联.app/www/static/img/setting_select.png ... 
2019-12-26 02:36:40 +0000  8601 bytes for ./Payload/语祯物联.app/www/static/img/setting_select.png
2019-12-26 02:36:40 +0000  copying file ./Payload/语祯物联.app/www/static/img/transfer@2.png ... 
3382 bytes for ./Payload/语祯物联.app/www/static/img/transfer@2.png
2019-12-26 02:36:40 +0000  copying file ./Payload/语祯物联.app/www/static/img/user.png ... 
3269 bytes for ./Payload/语祯物联.app/www/static/img/user.png
2019-12-26 02:36:40 +0000  copying file ./Payload/语祯物联.app/www/static/img/arrow.png ... 
3520 bytes for ./Payload/语祯物联.app/www/static/img/arrow.png
copying file ./Payload/语祯物联.app/www/static/img/scrollBarOverallY.png ... 
2019-12-26 02:36:40 +0000  3074 bytes for ./Payload/语祯物联.app/www/static/img/scrollBarOverallY.png
copying file ./Payload/语祯物联.app/www/static/img/inlineworke.png ... 
2019-12-26 02:36:40 +0000  3518 bytes for ./Payload/语祯物联.app/www/static/img/inlineworke.png
2019-12-26 02:36:40 +0000  copying file ./Payload/语祯物联.app/www/static/img/loading.gif ... 
2019-12-26 02:36:40 +0000  5713 bytes for ./Payload/语祯物联.app/www/static/img/loading.gif
copying file ./Payload/语祯物联.app/www/static/img/plus@2.png ... 
2946 bytes for ./Payload/语祯物联.app/www/static/img/plus@2.png
copying file ./Payload/语祯物联.app/www/static/img/warningProcess.png ... 
2019-12-26 02:36:40 +0000  4452 bytes for ./Payload/语祯物联.app/www/static/img/warningProcess.png
copying file ./Payload/语祯物联.app/www/static/img/checkbox-active.png ... 
2019-12-26 02:36:40 +0000  3237 bytes for ./Payload/语祯物联.app/www/static/img/checkbox-active.png
copying file ./Payload/语祯物联.app/www/static/img/yes.png ... 
2019-12-26 02:36:40 +0000  3606 bytes for ./Payload/语祯物联.app/www/static/img/yes.png
copying file ./Payload/语祯物联.app/www/static/img/edit@2.png ... 
2019-12-26 02:36:40 +0000  3519 bytes for ./Payload/语祯物联.app/www/static/img/edit@2.png
copying file ./Payload/语祯物联.app/www/static/img/loaderror.png ... 
2019-12-26 02:36:40 +0000  7703 bytes for ./Payload/语祯物联.app/www/static/img/loaderror.png
copying file ./Payload/语祯物联.app/www/static/img/triangle.png ... 
2019-12-26 02:36:40 +0000  2930 bytes for ./Payload/语祯物联.app/www/static/img/triangle.png
copying file ./Payload/语祯物联.app/www/static/img/selected.png ... 
2019-12-26 02:36:40 +0000  2995 bytes for ./Payload/语祯物联.app/www/static/img/selected.png
copying file ./Payload/语祯物联.app/www/static/img/background.png ... 
2019-12-26 02:36:40 +0000  307371 bytes for ./Payload/语祯物联.app/www/static/img/background.png
copying file ./Payload/语祯物联.app/www/static/img/arrow_top.png ... 
2019-12-26 02:36:40 +0000  2940 bytes for ./Payload/语祯物联.app/www/static/img/arrow_top.png
copying file ./Payload/语祯物联.app/www/static/img/search.png ... 
2019-12-26 02:36:40 +0000  3537 bytes for ./Payload/语祯物联.app/www/static/img/search.png
copying file ./Payload/语祯物联.app/www/static/img/choice_gray.png ... 
2019-12-26 02:36:40 +0000  3567 bytes for ./Payload/语祯物联.app/www/static/img/choice_gray.png
copying file ./Payload/语祯物联.app/www/static/img/machine_default.png ... 
2019-12-26 02:36:40 +0000  32001 bytes for ./Payload/语祯物联.app/www/static/img/machine_default.png
copying file ./Payload/语祯物联.app/www/static/img/arrow_down@2.png ... 
2019-12-26 02:36:40 +0000  3239 bytes for ./Payload/语祯物联.app/www/static/img/arrow_down@2.png
copying file ./Payload/语祯物联.app/www/static/img/up2.png ... 
2019-12-26 02:36:40 +0000  4501 bytes for ./Payload/语祯物联.app/www/static/img/up2.png
copying file ./Payload/语祯物联.app/www/static/img/icon-more.png ... 
2019-12-26 02:36:40 +0000  4797 bytes for ./Payload/语祯物联.app/www/static/img/icon-more.png
copying file ./Payload/语祯物联.app/www/static/img/back@2.png ... 
2019-12-26 02:36:40 +0000  3023 bytes for ./Payload/语祯物联.app/www/static/img/back@2.png
copying file ./Payload/语祯物联.app/www/static/img/alarm.png ... 
2019-12-26 02:36:40 +0000  5657 bytes for ./Payload/语祯物联.app/www/static/img/alarm.png
copying file ./Payload/语祯物联.app/www/static/img/logo_new.png ... 
2019-12-26 02:36:40 +0000  7162 bytes for ./Payload/语祯物联.app/www/static/img/logo_new.png
2019-12-26 02:36:40 +0000  copying file ./Payload/语祯物联.app/www/static/img/left.png ... 
3147 bytes for ./Payload/语祯物联.app/www/static/img/left.png
copying file ./Payload/语祯物联.app/www/static/img/avatar.png ... 
2019-12-26 02:36:40 +0000  11520 bytes for ./Payload/语祯物联.app/www/static/img/avatar.png
2019-12-26 02:36:40 +0000  copying file ./Payload/语祯物联.app/www/static/img/arrow_black.png ... 
2947 bytes for ./Payload/语祯物联.app/www/static/img/arrow_black.png
copying file ./Payload/语祯物联.app/www/static/img/file_upload.png ... 
2019-12-26 02:36:40 +0000  2020 bytes for ./Payload/语祯物联.app/www/static/img/file_upload.png
copying file ./Payload/语祯物联.app/www/static/img/coloseWhite.png ... 
2019-12-26 02:36:40 +0000  3810 bytes for ./Payload/语祯物联.app/www/static/img/coloseWhite.png
copying file ./Payload/语祯物联.app/www/static/img/service@2.png ... 
2019-12-26 02:36:40 +0000  3692 bytes for ./Payload/语祯物联.app/www/static/img/service@2.png
copying file ./Payload/语祯物联.app/www/static/img/select-active@2.png ... 
2019-12-26 02:36:40 +0000  3158 bytes for ./Payload/语祯物联.app/www/static/img/select-active@2.png
copying file ./Payload/语祯物联.app/www/static/img/gd_unstart.png ... 
2019-12-26 02:36:40 +0000  3660 bytes for ./Payload/语祯物联.app/www/static/img/gd_unstart.png
copying file ./Payload/语祯物联.app/www/static/img/chioce_blue.png ... 
2019-12-26 02:36:40 +0000  3755 bytes for ./Payload/语祯物联.app/www/static/img/chioce_blue.png
copying file ./Payload/语祯物联.app/www/static/img/excel.png ... 
2019-12-26 02:36:40 +0000  3819 bytes for ./Payload/语祯物联.app/www/static/img/excel.png
copying file ./Payload/语祯物联.app/www/static/img/gd_overDate.png ... 
2019-12-26 02:36:40 +0000  3815 bytes for ./Payload/语祯物联.app/www/static/img/gd_overDate.png
copying file ./Payload/语祯物联.app/www/static/img/selected_big.png ... 
2019-12-26 02:36:40 +0000  3180 bytes for ./Payload/语祯物联.app/www/static/img/selected_big.png
copying file ./Payload/语祯物联.app/www/static/img/logo.png ... 
2019-12-26 02:36:40 +0000  8525 bytes for ./Payload/语祯物联.app/www/static/img/logo.png
copying file ./Payload/语祯物联.app/www/static/img/gd_huanxian.png ... 
2019-12-26 02:36:40 +0000  4226 bytes for ./Payload/语祯物联.app/www/static/img/gd_huanxian.png
copying file ./Payload/语祯物联.app/www/static/img/backButton_machineDetail.png ... 
2019-12-26 02:36:40 +0000  1747 bytes for ./Payload/语祯物联.app/www/static/img/backButton_machineDetail.png
copying file ./Payload/语祯物联.app/www/static/img/grid_checked.png ... 
2019-12-26 02:36:40 +0000  3355 bytes for ./Payload/语祯物联.app/www/static/img/grid_checked.png
copying file ./Payload/语祯物联.app/www/static/img/filter.png ... 
2019-12-26 02:36:40 +0000  3474 bytes for ./Payload/语祯物联.app/www/static/img/filter.png
copying file ./Payload/语祯物联.app/www/static/img/inner_loading.gif ... 
2019-12-26 02:36:40 +0000  119146 bytes for ./Payload/语祯物联.app/www/static/img/inner_loading.gif
copying file ./Payload/语祯物联.app/www/static/img/gobackright.png ... 
2019-12-26 02:36:40 +0000  4811 bytes for ./Payload/语祯物联.app/www/static/img/gobackright.png
copying file ./Payload/语祯物联.app/www/static/img/success.png ... 
2019-12-26 02:36:40 +0000  5676 bytes for ./Payload/语祯物联.app/www/static/img/success.png
copying file ./Payload/语祯物联.app/www/static/img/alarm-btn.png ... 
2826 bytes for ./Payload/语祯物联.app/www/static/img/alarm-btn.png
copying file ./Payload/语祯物联.app/www/static/img/management@2.png ... 
2019-12-26 02:36:40 +0000  3291 bytes for ./Payload/语祯物联.app/www/static/img/management@2.png
copying file ./Payload/语祯物联.app/www/static/img/capabilitytime.png ... 
2019-12-26 02:36:40 +0000  3966 bytes for ./Payload/语祯物联.app/www/static/img/capabilitytime.png
copying file ./Payload/语祯物联.app/www/static/img/edit_white2.png ... 
2019-12-26 02:36:40 +0000  3855 bytes for ./Payload/语祯物联.app/www/static/img/edit_white2.png
copying file ./Payload/语祯物联.app/www/static/img/delete.png ... 
2019-12-26 02:36:40 +0000  3229 bytes for ./Payload/语祯物联.app/www/static/img/delete.png
copying file ./Payload/语祯物联.app/www/static/img/icon-bars.png ... 
2019-12-26 02:36:40 +0000  3146 bytes for ./Payload/语祯物联.app/www/static/img/icon-bars.png
copying file ./Payload/语祯物联.app/www/static/img/help_quetion2.png ... 
2019-12-26 02:36:40 +0000  85358 bytes for ./Payload/语祯物联.app/www/static/img/help_quetion2.png
2019-12-26 02:36:40 +0000  copying file ./Payload/语祯物联.app/www/static/img/whiteSave.png ... 
3503 bytes for ./Payload/语祯物联.app/www/static/img/whiteSave.png
2019-12-26 02:36:40 +0000  copying file ./Payload/语祯物联.app/www/static/img/ipad/warning.png ... 
1760 bytes for ./Payload/语祯物联.app/www/static/img/ipad/warning.png
copying file ./Payload/语祯物联.app/www/static/img/ipad/login_out.png ... 
2019-12-26 02:36:40 +0000  3385 bytes for ./Payload/语祯物联.app/www/static/img/ipad/login_out.png
copying file ./Payload/语祯物联.app/www/static/img/ipad/user.png ... 
2019-12-26 02:36:40 +0000  3913 bytes for ./Payload/语祯物联.app/www/static/img/ipad/user.png
copying file ./Payload/语祯物联.app/www/static/img/ipad/success.png ... 
2019-12-26 02:36:40 +0000  3209 bytes for ./Payload/语祯物联.app/www/static/img/ipad/success.png
copying file ./Payload/语祯物联.app/www/static/img/ipad/select.png ... 
2019-12-26 02:36:40 +0000  4682 bytes for ./Payload/语祯物联.app/www/static/img/ipad/select.png
copying file ./Payload/语祯物联.app/www/static/img/ipad/bind.png ... 
2019-12-26 02:36:40 +0000  3046 bytes for ./Payload/语祯物联.app/www/static/img/ipad/bind.png
copying file ./Payload/语祯物联.app/www/static/img/ipad/fail.png ... 
2019-12-26 02:36:40 +0000  2778 bytes for ./Payload/语祯物联.app/www/static/img/ipad/fail.png
copying file ./Payload/语祯物联.app/www/static/img/scrollBarOverall.png ... 
2019-12-26 02:36:40 +0000  3081 bytes for ./Payload/语祯物联.app/www/static/img/scrollBarOverall.png
copying file ./Payload/语祯物联.app/www/static/img/edit.png ... 
2019-12-26 02:36:40 +0000  3518 bytes for ./Payload/语祯物联.app/www/static/img/edit.png
copying file ./Payload/语祯物联.app/www/static/img/help_question3.png ... 
2019-12-26 02:36:40 +0000  77419 bytes for ./Payload/语祯物联.app/www/static/img/help_question3.png
copying file ./Payload/语祯物联.app/www/static/img/checkbox.png ... 
2019-12-26 02:36:40 +0000  2883 bytes for ./Payload/语祯物联.app/www/static/img/checkbox.png
copying file ./Payload/语祯物联.app/www/static/img/accessories.png ... 
2019-12-26 02:36:40 +0000  3819 bytes for ./Payload/语祯物联.app/www/static/img/accessories.png
copying file ./Payload/语祯物联.app/www/static/img/fold-yellow.png ... 
2019-12-26 02:36:40 +0000  3458 bytes for ./Payload/语祯物联.app/www/static/img/fold-yellow.png
copying file ./Payload/语祯物联.app/www/static/img/gd_pause.png ... 
2019-12-26 02:36:40 +0000  3672 bytes for ./Payload/语祯物联.app/www/static/img/gd_pause.png
copying file ./Payload/语祯物联.app/www/static/img/page-close.png ... 
4470 bytes for ./Payload/语祯物联.app/www/static/img/page-close.png
2019-12-26 02:36:40 +0000  copying file ./Payload/语祯物联.app/www/static/img/warn.png ... 
4586 bytes for ./Payload/语祯物联.app/www/static/img/warn.png
copying file ./Payload/语祯物联.app/www/static/img/icon-locked.png ... 
2019-12-26 02:36:40 +0000  3603 bytes for ./Payload/语祯物联.app/www/static/img/icon-locked.png
copying file ./Payload/语祯物联.app/www/static/img/help-question4.png ... 
2019-12-26 02:36:40 +0000  33933 bytes for ./Payload/语祯物联.app/www/static/img/help-question4.png
2019-12-26 02:36:40 +0000  copying file ./Payload/语祯物联.app/www/static/img/up_new.png ... 
3324 bytes for ./Payload/语祯物联.app/www/static/img/up_new.png
copying file ./Payload/语祯物联.app/www/static/img/alarm_reload.png ... 
2019-12-26 02:36:40 +0000  4299 bytes for ./Payload/语祯物联.app/www/static/img/alarm_reload.png
copying file ./Payload/语祯物联.app/www/static/img/arrange@2.png ... 
2019-12-26 02:36:40 +0000  3538 bytes for ./Payload/语祯物联.app/www/static/img/arrange@2.png
copying file ./Payload/语祯物联.app/www/static/img/tool@2.png ... 
2019-12-26 02:36:40 +0000  3202 bytes for ./Payload/语祯物联.app/www/static/img/tool@2.png
copying file ./Payload/语祯物联.app/www/static/img/inlineworke.gif ... 
2019-12-26 02:36:40 +0000  19707 bytes for ./Payload/语祯物联.app/www/static/img/inlineworke.gif
2019-12-26 02:36:40 +0000  copying file ./Payload/语祯物联.app/www/static/img/fail.png ... 
2019-12-26 02:36:40 +0000  47837 bytes for ./Payload/语祯物联.app/www/static/img/fail.png
copying file ./Payload/语祯物联.app/www/static/img/setting.png ... 
2019-12-26 02:36:40 +0000  8601 bytes for ./Payload/语祯物联.app/www/static/img/setting.png
copying file ./Payload/语祯物联.app/www/static/img/checkbox-active-v1.png ... 
2019-12-26 02:36:40 +0000  3450 bytes for ./Payload/语祯物联.app/www/static/img/checkbox-active-v1.png
copying file ./Payload/语祯物联.app/www/static/img/back.png ... 
2019-12-26 02:36:40 +0000  8007 bytes for ./Payload/语祯物联.app/www/static/img/back.png
copying file ./Payload/语祯物联.app/www/static/img/right.png ... 
2019-12-26 02:36:40 +0000  3154 bytes for ./Payload/语祯物联.app/www/static/img/right.png
copying file ./Payload/语祯物联.app/www/static/img/save.png ... 
2019-12-26 02:36:40 +0000  3170 bytes for ./Payload/语祯物联.app/www/static/img/save.png
copying file ./Payload/语祯物联.app/www/static/img/shop-home-icon.png ... 
2019-12-26 02:36:40 +0000  3826 bytes for ./Payload/语祯物联.app/www/static/img/shop-home-icon.png
copying file ./Payload/语祯物联.app/www/static/img/plus_gray@2.png ... 
2019-12-26 02:36:40 +0000  2961 bytes for ./Payload/语祯物联.app/www/static/img/plus_gray@2.png
copying file ./Payload/语祯物联.app/www/static/img/simplify@2.png ... 
2019-12-26 02:36:40 +0000  3117 bytes for ./Payload/语祯物联.app/www/static/img/simplify@2.png
copying file ./Payload/语祯物联.app/www/static/img/left_pc.png ... 
2019-12-26 02:36:40 +0000  3296 bytes for ./Payload/语祯物联.app/www/static/img/left_pc.png
copying file ./Payload/语祯物联.app/www/static/img/gd_finish.png ... 
2019-12-26 02:36:40 +0000  3753 bytes for ./Payload/语祯物联.app/www/static/img/gd_finish.png
copying file ./Payload/语祯物联.app/www/static/img/close.png ... 
2019-12-26 02:36:40 +0000  2960 bytes for ./Payload/语祯物联.app/www/static/img/close.png
copying file ./Payload/语祯物联.app/www/static/img/bg.jpg ... 
2019-12-26 02:36:40 +0000  37450 bytes for ./Payload/语祯物联.app/www/static/img/bg.jpg
2019-12-26 02:36:40 +0000  copying file ./Payload/语祯物联.app/www/static/lang/lang.json ... 
2019-12-26 02:36:40 +0000  92748 bytes for ./Payload/语祯物联.app/www/static/lang/lang.json
copying file ./Payload/语祯物联.app/www/static/lang/language.xlsx ... 
2019-12-26 02:36:40 +0000  29714 bytes for ./Payload/语祯物联.app/www/static/lang/language.xlsx
2019-12-26 02:36:40 +0000  copying file ./Payload/语祯物联.app/www/static/font/helvetica.ttf ... 
2019-12-26 02:36:40 +0000  83644 bytes for ./Payload/语祯物联.app/www/static/font/helvetica.ttf
2019-12-26 02:36:40 +0000  copying file ./Payload/语祯物联.app/www/cordova-js-src/exec.js ... 
2019-12-26 02:36:40 +0000  8877 bytes for ./Payload/语祯物联.app/www/cordova-js-src/exec.js
2019-12-26 02:36:40 +0000  copying file ./Payload/语祯物联.app/www/cordova-js-src/plugin/ios/logger.js ... 
2019-12-26 02:36:40 +0000  10233 bytes for ./Payload/语祯物联.app/www/cordova-js-src/plugin/ios/logger.js
copying file ./Payload/语祯物联.app/www/cordova-js-src/plugin/ios/console.js ... 
2019-12-26 02:36:40 +0000  6822 bytes for ./Payload/语祯物联.app/www/cordova-js-src/plugin/ios/console.js
copying file ./Payload/语祯物联.app/www/cordova-js-src/platform.js ... 
2019-12-26 02:36:40 +0000  1168 bytes for ./Payload/语祯物联.app/www/cordova-js-src/platform.js
copying file ./Payload/语祯物联.app/www/cordova_plugins.js ... 
2019-12-26 02:36:40 +0000  1938 bytes for ./Payload/语祯物联.app/www/cordova_plugins.js
copying file ./Payload/语祯物联.app/Assets.car ... 
2019-12-26 02:36:40 +0000  2593504 bytes for ./Payload/语祯物联.app/Assets.car
copying file ./Payload/语祯物联.app/AppIcon40x40@2x~ipad.png ... 
2019-12-26 02:36:40 +0000  4419 bytes for ./Payload/语祯物联.app/AppIcon40x40@2x~ipad.png
copying file ./Payload/语祯物联.app/AppIcon76x76@2x~ipad.png ... 
5894 bytes for ./Payload/语祯物联.app/AppIcon76x76@2x~ipad.png
copying file ./Payload/语祯物联.app/AppIcon72x72~ipad.png ... 
4254 bytes for ./Payload/语祯物联.app/AppIcon72x72~ipad.png
copying file ./Payload/语祯物联.app/CDVLaunchScreen.storyboardc/01J-lp-oVM-view-Ze5-6b-2t3.nib/objects-13.0+.nib ... 
2333 bytes for ./Payload/语祯物联.app/CDVLaunchScreen.storyboardc/01J-lp-oVM-view-Ze5-6b-2t3.nib/objects-13.0+.nib
copying file ./Payload/语祯物联.app/CDVLaunchScreen.storyboardc/01J-lp-oVM-view-Ze5-6b-2t3.nib/runtime.nib ... 
2325 bytes for ./Payload/语祯物联.app/CDVLaunchScreen.storyboardc/01J-lp-oVM-view-Ze5-6b-2t3.nib/runtime.nib
copying file ./Payload/语祯物联.app/CDVLaunchScreen.storyboardc/UIViewController-01J-lp-oVM.nib/objects-13.0+.nib ... 
896 bytes for ./Payload/语祯物联.app/CDVLaunchScreen.storyboardc/UIViewController-01J-lp-oVM.nib/objects-13.0+.nib
copying file ./Payload/语祯物联.app/CDVLaunchScreen.storyboardc/UIViewController-01J-lp-oVM.nib/runtime.nib ... 
896 bytes for ./Payload/语祯物联.app/CDVLaunchScreen.storyboardc/UIViewController-01J-lp-oVM.nib/runtime.nib
copying file ./Payload/语祯物联.app/CDVLaunchScreen.storyboardc/Info.plist ... 
258 bytes for ./Payload/语祯物联.app/CDVLaunchScreen.storyboardc/Info.plist
copying file ./Payload/语祯物联.app/AppIcon83.5x83.5@2x~ipad.png ... 
6170 bytes for ./Payload/语祯物联.app/AppIcon83.5x83.5@2x~ipad.png
copying file ./Payload/语祯物联.app/AppIcon50x50~ipad.png ... 
3679 bytes for ./Payload/语祯物联.app/AppIcon50x50~ipad.png
copying file ./Payload/语祯物联.app/AppIcon29x29@2x~ipad.png ... 
3875 bytes for ./Payload/语祯物联.app/AppIcon29x29@2x~ipad.png
copying file ./Payload/语祯物联.app/AppIcon50x50@2x~ipad.png ... 
4820 bytes for ./Payload/语祯物联.app/AppIcon50x50@2x~ipad.png
copying file ./Payload/语祯物联.app/AppIcon40x40~ipad.png ... 
3521 bytes for ./Payload/语祯物联.app/AppIcon40x40~ipad.png
copying file ./Payload/语祯物联.app/语祯物联 ... 
2019-12-26 02:36:40 +0000  853824 bytes for ./Payload/语祯物联.app/语祯物联
2019-12-26 02:36:40 +0000  copying file ./Payload/语祯物联.app/CDVBarcodeScanner.bundle/beep.caf ... 
2019-12-26 02:36:40 +0000  16020 bytes for ./Payload/语祯物联.app/CDVBarcodeScanner.bundle/beep.caf
copying file ./Payload/语祯物联.app/CDVBarcodeScanner.bundle/torch.png ... 
2019-12-26 02:36:40 +0000  3173 bytes for ./Payload/语祯物联.app/CDVBarcodeScanner.bundle/torch.png
copying file ./Payload/语祯物联.app/CDVBarcodeScanner.bundle/torch@2x.png ... 
3687 bytes for ./Payload/语祯物联.app/CDVBarcodeScanner.bundle/torch@2x.png
copying file ./Payload/语祯物联.app/CDVBarcodeScanner.bundle/torch@3x.png ... 
2019-12-26 02:36:40 +0000  4302 bytes for ./Payload/语祯物联.app/CDVBarcodeScanner.bundle/torch@3x.png
copying file ./Payload/语祯物联.app/AppIcon20x20@2x~ipad.png ... 
2019-12-26 02:36:40 +0000  3521 bytes for ./Payload/语祯物联.app/AppIcon20x20@2x~ipad.png
copying file ./Payload/语祯物联.app/Info.plist ... 
2019-12-26 02:36:40 +0000  1495 bytes for ./Payload/语祯物联.app/Info.plist
copying file ./Payload/语祯物联.app/PkgInfo ... 
2019-12-26 02:36:40 +0000  8 bytes for ./Payload/语祯物联.app/PkgInfo
copying file ./Payload/语祯物联.app/AppIcon76x76~ipad.png ... 
2019-12-26 02:36:40 +0000  4345 bytes for ./Payload/语祯物联.app/AppIcon76x76~ipad.png
2019-12-26 02:36:40 +0000  /usr/bin/ditto exited with 0
2019-12-26 02:36:40 +0000  Processing step: IDEDistributionAppStoreInformationStep
2019-12-26 02:36:40 +0000  Skipping step: IDEDistributionAppStoreInformationStep because it said so
2019-12-26 02:36:40 +0000  Processing step: IDEDistributionGenerateProcessedDistributionItems
2019-12-26 02:36:40 +0000  Processing step: IDEDistributionCreateManifestStep
